<?xml version="1.0" encoding="UTF-8"?>
<!-- Generated by org.testng.reporters.JUnitReportReporter -->
<testsuite skipped="0" hostname="DESKTOP-Q4STA4E" name="demo.LaunchTest" tests="1" failures="0" timestamp="24 Feb 2020 05:28:37 GMT" time="59.931" errors="0">
  <testcase name="Launch" time="59.931" classname="demo.LaunchTest"/>
</testsuite> <!-- demo.LaunchTest -->
